<?xml version="1.0" encoding="UTF-8"?>
<testsuite xmlns:xsi="http://www.w3.org/2001/XMLSchema-instance" xsi:noNamespaceSchemaLocation="https://maven.apache.org/surefire/maven-surefire-plugin/xsd/surefire-test-report-3.0.xsd" version="3.0" name="TestSuite" time="253.343" tests="2" errors="0" skipped="0" failures="0">
  <properties>
    <property name="java.specification.version" value="17"/>
    <property name="sun.jnu.encoding" value="UTF-8"/>
    <property name="java.class.path" value="/Users/sujaysawant/IdeaProjects/java-testng/target/test-classes:/Users/sujaysawant/IdeaProjects/java-testng/target/classes:/Users/sujaysawant/.m2/repository/io/appium/java-client/7.5.1/java-client-7.5.1.jar:/Users/sujaysawant/.m2/repository/org/seleniumhq/selenium/selenium-java/3.141.59/selenium-java-3.141.59.jar:/Users/sujaysawant/.m2/repository/org/seleniumhq/selenium/selenium-chrome-driver/3.141.59/selenium-chrome-driver-3.141.59.jar:/Users/sujaysawant/.m2/repository/org/seleniumhq/selenium/selenium-edge-driver/3.141.59/selenium-edge-driver-3.141.59.jar:/Users/sujaysawant/.m2/repository/org/seleniumhq/selenium/selenium-firefox-driver/3.141.59/selenium-firefox-driver-3.141.59.jar:/Users/sujaysawant/.m2/repository/org/seleniumhq/selenium/selenium-ie-driver/3.141.59/selenium-ie-driver-3.141.59.jar:/Users/sujaysawant/.m2/repository/org/seleniumhq/selenium/selenium-opera-driver/3.141.59/selenium-opera-driver-3.141.59.jar:/Users/sujaysawant/.m2/repository/org/seleniumhq/selenium/selenium-remote-driver/3.141.59/selenium-remote-driver-3.141.59.jar:/Users/sujaysawant/.m2/repository/org/seleniumhq/selenium/selenium-safari-driver/3.141.59/selenium-safari-driver-3.141.59.jar:/Users/sujaysawant/.m2/repository/net/bytebuddy/byte-buddy/1.8.15/byte-buddy-1.8.15.jar:/Users/sujaysawant/.m2/repository/org/apache/commons/commons-exec/1.3/commons-exec-1.3.jar:/Users/sujaysawant/.m2/repository/com/google/guava/guava/25.0-jre/guava-25.0-jre.jar:/Users/sujaysawant/.m2/repository/com/google/code/findbugs/jsr305/1.3.9/jsr305-1.3.9.jar:/Users/sujaysawant/.m2/repository/org/checkerframework/checker-compat-qual/2.0.0/checker-compat-qual-2.0.0.jar:/Users/sujaysawant/.m2/repository/com/google/errorprone/error_prone_annotations/2.1.3/error_prone_annotations-2.1.3.jar:/Users/sujaysawant/.m2/repository/com/google/j2objc/j2objc-annotations/1.1/j2objc-annotations-1.1.jar:/Users/sujaysawant/.m2/repository/org/codehaus/mojo/animal-sniffer-annotations/1.14/animal-sniffer-annotations-1.14.jar:/Users/sujaysawant/.m2/repository/com/squareup/okhttp3/okhttp/3.11.0/okhttp-3.11.0.jar:/Users/sujaysawant/.m2/repository/com/squareup/okio/okio/1.14.0/okio-1.14.0.jar:/Users/sujaysawant/.m2/repository/org/seleniumhq/selenium/selenium-support/3.141.59/selenium-support-3.141.59.jar:/Users/sujaysawant/.m2/repository/org/seleniumhq/selenium/selenium-api/3.141.59/selenium-api-3.141.59.jar:/Users/sujaysawant/.m2/repository/com/google/code/gson/gson/2.8.6/gson-2.8.6.jar:/Users/sujaysawant/.m2/repository/org/apache/httpcomponents/httpclient/4.5.13/httpclient-4.5.13.jar:/Users/sujaysawant/.m2/repository/org/apache/httpcomponents/httpcore/4.4.13/httpcore-4.4.13.jar:/Users/sujaysawant/.m2/repository/commons-logging/commons-logging/1.2/commons-logging-1.2.jar:/Users/sujaysawant/.m2/repository/commons-codec/commons-codec/1.11/commons-codec-1.11.jar:/Users/sujaysawant/.m2/repository/cglib/cglib/3.3.0/cglib-3.3.0.jar:/Users/sujaysawant/.m2/repository/org/ow2/asm/asm/7.1/asm-7.1.jar:/Users/sujaysawant/.m2/repository/commons-validator/commons-validator/1.7/commons-validator-1.7.jar:/Users/sujaysawant/.m2/repository/commons-beanutils/commons-beanutils/1.9.4/commons-beanutils-1.9.4.jar:/Users/sujaysawant/.m2/repository/commons-digester/commons-digester/2.1/commons-digester-2.1.jar:/Users/sujaysawant/.m2/repository/commons-collections/commons-collections/3.2.2/commons-collections-3.2.2.jar:/Users/sujaysawant/.m2/repository/org/apache/commons/commons-lang3/3.12.0/commons-lang3-3.12.0.jar:/Users/sujaysawant/.m2/repository/commons-io/commons-io/2.8.0/commons-io-2.8.0.jar:/Users/sujaysawant/.m2/repository/org/springframework/spring-context/5.3.4/spring-context-5.3.4.jar:/Users/sujaysawant/.m2/repository/org/springframework/spring-aop/5.3.4/spring-aop-5.3.4.jar:/Users/sujaysawant/.m2/repository/org/springframework/spring-beans/5.3.4/spring-beans-5.3.4.jar:/Users/sujaysawant/.m2/repository/org/springframework/spring-core/5.3.4/spring-core-5.3.4.jar:/Users/sujaysawant/.m2/repository/org/springframework/spring-jcl/5.3.4/spring-jcl-5.3.4.jar:/Users/sujaysawant/.m2/repository/org/springframework/spring-expression/5.3.4/spring-expression-5.3.4.jar:/Users/sujaysawant/.m2/repository/org/aspectj/aspectjweaver/1.9.6/aspectjweaver-1.9.6.jar:/Users/sujaysawant/.m2/repository/org/slf4j/slf4j-api/1.7.30/slf4j-api-1.7.30.jar:/Users/sujaysawant/.m2/repository/org/testng/testng/7.4.0/testng-7.4.0.jar:/Users/sujaysawant/.m2/repository/com/beust/jcommander/1.78/jcommander-1.78.jar:/Users/sujaysawant/.m2/repository/org/webjars/jquery/3.5.1/jquery-3.5.1.jar:/Users/sujaysawant/.m2/repository/com/browserstack/browserstack-local-java/1.0.3/browserstack-local-java-1.0.3.jar:/Users/sujaysawant/.m2/repository/org/json/json/20160212/json-20160212.jar:/Users/sujaysawant/.m2/repository/io/rest-assured/rest-assured/4.3.3/rest-assured-4.3.3.jar:/Users/sujaysawant/.m2/repository/org/codehaus/groovy/groovy/3.0.7/groovy-3.0.7.jar:/Users/sujaysawant/.m2/repository/org/codehaus/groovy/groovy-xml/3.0.7/groovy-xml-3.0.7.jar:/Users/sujaysawant/.m2/repository/org/apache/httpcomponents/httpmime/4.5.3/httpmime-4.5.3.jar:/Users/sujaysawant/.m2/repository/org/hamcrest/hamcrest/2.1/hamcrest-2.1.jar:/Users/sujaysawant/.m2/repository/org/ccil/cowan/tagsoup/tagsoup/1.2.1/tagsoup-1.2.1.jar:/Users/sujaysawant/.m2/repository/io/rest-assured/json-path/4.3.3/json-path-4.3.3.jar:/Users/sujaysawant/.m2/repository/org/codehaus/groovy/groovy-json/3.0.7/groovy-json-3.0.7.jar:/Users/sujaysawant/.m2/repository/io/rest-assured/rest-assured-common/4.3.3/rest-assured-common-4.3.3.jar:/Users/sujaysawant/.m2/repository/io/rest-assured/xml-path/4.3.3/xml-path-4.3.3.jar:/Users/sujaysawant/.m2/repository/jakarta/xml/bind/jakarta.xml.bind-api/2.3.3/jakarta.xml.bind-api-2.3.3.jar:/Users/sujaysawant/.m2/repository/jakarta/activation/jakarta.activation-api/1.2.2/jakarta.activation-api-1.2.2.jar:/Users/sujaysawant/.m2/repository/com/sun/xml/bind/jaxb-impl/2.3.3/jaxb-impl-2.3.3.jar:"/>
    <property name="java.vm.vendor" value="Homebrew"/>
    <property name="sun.arch.data.model" value="64"/>
    <property name="java.vendor.url" value="https://github.com/Homebrew/homebrew-core/issues"/>
    <property name="user.timezone" value="Asia/Kolkata"/>
    <property name="os.name" value="Mac OS X"/>
    <property name="java.vm.specification.version" value="17"/>
    <property name="sun.java.launcher" value="SUN_STANDARD"/>
    <property name="user.country" value="IN"/>
    <property name="sun.boot.library.path" value="/opt/homebrew/Cellar/openjdk/16.0.1/libexec/openjdk.jdk/Contents/Home/lib"/>
    <property name="sun.java.command" value="/Users/sujaysawant/IdeaProjects/java-testng/target/surefire/surefirebooter14144066778188007691.jar /Users/sujaysawant/IdeaProjects/java-testng/target/surefire 2021-08-09T21-19-54_961-jvmRun1 surefire4848592492928794669tmp surefire_08128204685054779774tmp"/>
    <property name="jdk.debug" value="release"/>
    <property name="surefire.test.class.path" value="/Users/sujaysawant/IdeaProjects/java-testng/target/test-classes:/Users/sujaysawant/IdeaProjects/java-testng/target/classes:/Users/sujaysawant/.m2/repository/io/appium/java-client/7.5.1/java-client-7.5.1.jar:/Users/sujaysawant/.m2/repository/org/seleniumhq/selenium/selenium-java/3.141.59/selenium-java-3.141.59.jar:/Users/sujaysawant/.m2/repository/org/seleniumhq/selenium/selenium-chrome-driver/3.141.59/selenium-chrome-driver-3.141.59.jar:/Users/sujaysawant/.m2/repository/org/seleniumhq/selenium/selenium-edge-driver/3.141.59/selenium-edge-driver-3.141.59.jar:/Users/sujaysawant/.m2/repository/org/seleniumhq/selenium/selenium-firefox-driver/3.141.59/selenium-firefox-driver-3.141.59.jar:/Users/sujaysawant/.m2/repository/org/seleniumhq/selenium/selenium-ie-driver/3.141.59/selenium-ie-driver-3.141.59.jar:/Users/sujaysawant/.m2/repository/org/seleniumhq/selenium/selenium-opera-driver/3.141.59/selenium-opera-driver-3.141.59.jar:/Users/sujaysawant/.m2/repository/org/seleniumhq/selenium/selenium-remote-driver/3.141.59/selenium-remote-driver-3.141.59.jar:/Users/sujaysawant/.m2/repository/org/seleniumhq/selenium/selenium-safari-driver/3.141.59/selenium-safari-driver-3.141.59.jar:/Users/sujaysawant/.m2/repository/net/bytebuddy/byte-buddy/1.8.15/byte-buddy-1.8.15.jar:/Users/sujaysawant/.m2/repository/org/apache/commons/commons-exec/1.3/commons-exec-1.3.jar:/Users/sujaysawant/.m2/repository/com/google/guava/guava/25.0-jre/guava-25.0-jre.jar:/Users/sujaysawant/.m2/repository/com/google/code/findbugs/jsr305/1.3.9/jsr305-1.3.9.jar:/Users/sujaysawant/.m2/repository/org/checkerframework/checker-compat-qual/2.0.0/checker-compat-qual-2.0.0.jar:/Users/sujaysawant/.m2/repository/com/google/errorprone/error_prone_annotations/2.1.3/error_prone_annotations-2.1.3.jar:/Users/sujaysawant/.m2/repository/com/google/j2objc/j2objc-annotations/1.1/j2objc-annotations-1.1.jar:/Users/sujaysawant/.m2/repository/org/codehaus/mojo/animal-sniffer-annotations/1.14/animal-sniffer-annotations-1.14.jar:/Users/sujaysawant/.m2/repository/com/squareup/okhttp3/okhttp/3.11.0/okhttp-3.11.0.jar:/Users/sujaysawant/.m2/repository/com/squareup/okio/okio/1.14.0/okio-1.14.0.jar:/Users/sujaysawant/.m2/repository/org/seleniumhq/selenium/selenium-support/3.141.59/selenium-support-3.141.59.jar:/Users/sujaysawant/.m2/repository/org/seleniumhq/selenium/selenium-api/3.141.59/selenium-api-3.141.59.jar:/Users/sujaysawant/.m2/repository/com/google/code/gson/gson/2.8.6/gson-2.8.6.jar:/Users/sujaysawant/.m2/repository/org/apache/httpcomponents/httpclient/4.5.13/httpclient-4.5.13.jar:/Users/sujaysawant/.m2/repository/org/apache/httpcomponents/httpcore/4.4.13/httpcore-4.4.13.jar:/Users/sujaysawant/.m2/repository/commons-logging/commons-logging/1.2/commons-logging-1.2.jar:/Users/sujaysawant/.m2/repository/commons-codec/commons-codec/1.11/commons-codec-1.11.jar:/Users/sujaysawant/.m2/repository/cglib/cglib/3.3.0/cglib-3.3.0.jar:/Users/sujaysawant/.m2/repository/org/ow2/asm/asm/7.1/asm-7.1.jar:/Users/sujaysawant/.m2/repository/commons-validator/commons-validator/1.7/commons-validator-1.7.jar:/Users/sujaysawant/.m2/repository/commons-beanutils/commons-beanutils/1.9.4/commons-beanutils-1.9.4.jar:/Users/sujaysawant/.m2/repository/commons-digester/commons-digester/2.1/commons-digester-2.1.jar:/Users/sujaysawant/.m2/repository/commons-collections/commons-collections/3.2.2/commons-collections-3.2.2.jar:/Users/sujaysawant/.m2/repository/org/apache/commons/commons-lang3/3.12.0/commons-lang3-3.12.0.jar:/Users/sujaysawant/.m2/repository/commons-io/commons-io/2.8.0/commons-io-2.8.0.jar:/Users/sujaysawant/.m2/repository/org/springframework/spring-context/5.3.4/spring-context-5.3.4.jar:/Users/sujaysawant/.m2/repository/org/springframework/spring-aop/5.3.4/spring-aop-5.3.4.jar:/Users/sujaysawant/.m2/repository/org/springframework/spring-beans/5.3.4/spring-beans-5.3.4.jar:/Users/sujaysawant/.m2/repository/org/springframework/spring-core/5.3.4/spring-core-5.3.4.jar:/Users/sujaysawant/.m2/repository/org/springframework/spring-jcl/5.3.4/spring-jcl-5.3.4.jar:/Users/sujaysawant/.m2/repository/org/springframework/spring-expression/5.3.4/spring-expression-5.3.4.jar:/Users/sujaysawant/.m2/repository/org/aspectj/aspectjweaver/1.9.6/aspectjweaver-1.9.6.jar:/Users/sujaysawant/.m2/repository/org/slf4j/slf4j-api/1.7.30/slf4j-api-1.7.30.jar:/Users/sujaysawant/.m2/repository/org/testng/testng/7.4.0/testng-7.4.0.jar:/Users/sujaysawant/.m2/repository/com/beust/jcommander/1.78/jcommander-1.78.jar:/Users/sujaysawant/.m2/repository/org/webjars/jquery/3.5.1/jquery-3.5.1.jar:/Users/sujaysawant/.m2/repository/com/browserstack/browserstack-local-java/1.0.3/browserstack-local-java-1.0.3.jar:/Users/sujaysawant/.m2/repository/org/json/json/20160212/json-20160212.jar:/Users/sujaysawant/.m2/repository/io/rest-assured/rest-assured/4.3.3/rest-assured-4.3.3.jar:/Users/sujaysawant/.m2/repository/org/codehaus/groovy/groovy/3.0.7/groovy-3.0.7.jar:/Users/sujaysawant/.m2/repository/org/codehaus/groovy/groovy-xml/3.0.7/groovy-xml-3.0.7.jar:/Users/sujaysawant/.m2/repository/org/apache/httpcomponents/httpmime/4.5.3/httpmime-4.5.3.jar:/Users/sujaysawant/.m2/repository/org/hamcrest/hamcrest/2.1/hamcrest-2.1.jar:/Users/sujaysawant/.m2/repository/org/ccil/cowan/tagsoup/tagsoup/1.2.1/tagsoup-1.2.1.jar:/Users/sujaysawant/.m2/repository/io/rest-assured/json-path/4.3.3/json-path-4.3.3.jar:/Users/sujaysawant/.m2/repository/org/codehaus/groovy/groovy-json/3.0.7/groovy-json-3.0.7.jar:/Users/sujaysawant/.m2/repository/io/rest-assured/rest-assured-common/4.3.3/rest-assured-common-4.3.3.jar:/Users/sujaysawant/.m2/repository/io/rest-assured/xml-path/4.3.3/xml-path-4.3.3.jar:/Users/sujaysawant/.m2/repository/jakarta/xml/bind/jakarta.xml.bind-api/2.3.3/jakarta.xml.bind-api-2.3.3.jar:/Users/sujaysawant/.m2/repository/jakarta/activation/jakarta.activation-api/1.2.2/jakarta.activation-api-1.2.2.jar:/Users/sujaysawant/.m2/repository/com/sun/xml/bind/jaxb-impl/2.3.3/jaxb-impl-2.3.3.jar:"/>
    <property name="sun.cpu.endian" value="little"/>
    <property name="user.home" value="/Users/sujaysawant"/>
    <property name="user.language" value="en"/>
    <property name="java.specification.vendor" value="Oracle Corporation"/>
    <property name="java.version.date" value="2021-09-14"/>
    <property name="java.home" value="/opt/homebrew/Cellar/openjdk/16.0.1/libexec/openjdk.jdk/Contents/Home"/>
    <property name="file.separator" value="/"/>
    <property name="basedir" value="/Users/sujaysawant/IdeaProjects/java-testng"/>
    <property name="java.vm.compressedOopsMode" value="Zero based"/>
    <property name="line.separator" value="&#10;"/>
    <property name="java.vm.specification.vendor" value="Oracle Corporation"/>
    <property name="java.specification.name" value="Java Platform API Specification"/>
    <property name="surefire.real.class.path" value="/Users/sujaysawant/IdeaProjects/java-testng/target/surefire/surefirebooter14144066778188007691.jar"/>
    <property name="sun.management.compiler" value="HotSpot 64-Bit Tiered Compilers"/>
    <property name="java.runtime.version" value="17+0"/>
    <property name="user.name" value="sujaysawant"/>
    <property name="path.separator" value=":"/>
    <property name="os.version" value="11.4"/>
    <property name="java.runtime.name" value="OpenJDK Runtime Environment"/>
    <property name="file.encoding" value="US-ASCII"/>
    <property name="java.vm.name" value="OpenJDK 64-Bit Server VM"/>
    <property name="java.vendor.version" value="Homebrew"/>
    <property name="localRepository" value="/Users/sujaysawant/.m2/repository"/>
    <property name="java.vendor.url.bug" value="https://github.com/Homebrew/homebrew-core/issues"/>
    <property name="java.io.tmpdir" value="/var/folders/bd/z2lzpf4s18b65m8dfzkpv69h0000gn/T/"/>
    <property name="java.version" value="17"/>
    <property name="user.dir" value="/Users/sujaysawant/IdeaProjects/java-testng"/>
    <property name="os.arch" value="aarch64"/>
    <property name="java.vm.specification.name" value="Java Virtual Machine Specification"/>
    <property name="native.encoding" value="US-ASCII"/>
    <property name="java.library.path" value="/Users/sujaysawant/Library/Java/Extensions:/Library/Java/Extensions:/Network/Library/Java/Extensions:/System/Library/Java/Extensions:/usr/lib/java:."/>
    <property name="java.vm.info" value="mixed mode"/>
    <property name="java.vendor" value="Homebrew"/>
    <property name="java.vm.version" value="17+0"/>
    <property name="sun.io.unicode.encoding" value="UnicodeBig"/>
    <property name="java.class.version" value="61.0"/>
  </properties>
  <testcase name="testSearchBrowserStack" classname="com.web.test.SingleTest" time="8.203">
    <system-out><![CDATA[Using previously uploaded app...
acceptInsecureCerts=false
browserName=chrome
browserVersion=92.0.4515.107
chrome={chromedriverVersion=92.0.4515.43 (8c61b7e2989f2990d42f859cac71319137787cce-refs/branch-heads/4515@{#306}), userDataDir=C:\Windows\proxy\scoped_dir5524_708050764}
goog:chromeOptions={debuggerAddress=localhost:2207}
javascriptEnabled=true
networkConnectionEnabled=false
pageLoadStrategy=normal
platform=WINDOWS
platformName=WINDOWS
proxy=Proxy()
setWindowRect=true
strictFileInteractability=false
timeouts={implicit=0, pageLoad=300000, script=30000}
unhandledPromptBehavior=dismiss and notify
webauthn:extension:credBlob=true
webauthn:extension:largeBlob=true
webauthn:virtualAuthenticators=true
webdriver.remote.sessionid=f23b95a4b8f1f18c5f82816fc78c27e8d45828ac
]]></system-out>
    <system-err><![CDATA[SLF4J: Failed to load class "org.slf4j.impl.StaticLoggerBinder".
SLF4J: Defaulting to no-operation (NOP) logger implementation
SLF4J: See http://www.slf4j.org/codes.html#StaticLoggerBinder for further details.
Aug 09, 2021 9:20:01 PM org.openqa.selenium.remote.ProtocolHandshake createSession
INFO: Detected dialect: W3C
]]></system-err>
  </testcase>
  <testcase name="searchWikipedia" classname="com.app.test.AppiumSingleTest" time="5.704">
    <system-err><![CDATA[Aug 09, 2021 9:24:00 PM io.appium.java_client.remote.AppiumCommandExecutor$1 lambda$0
INFO: Detected dialect: OSS
]]></system-err>
  </testcase>
</testsuite>