<?xml version="1.0" encoding="UTF-8"?>
<!-- Generated by org.testng.reporters.JUnitReportReporter -->
<testsuite hostname="Sujays-MacBook-Pro.local" failures="0" tests="1" name="com.web.test.SingleTest" time="8.178" errors="0" timestamp="2021-08-09T21:24:08 IST" skipped="0">
  <testcase classname="com.web.test.SingleTest" name="testSearchBrowserStack" time="8.178"/>
  <system-out/>
</testsuite> <!-- com.web.test.SingleTest -->
