<?xml version="1.0" encoding="UTF-8"?>
<!-- Generated by org.testng.reporters.JUnitReportReporter -->
<testsuite hostname="Sujays-MacBook-Pro.local" failures="0" tests="1" name="com.app.test.AppiumSingleTest" time="5.706" errors="0" timestamp="2021-08-09T21:24:08 IST" skipped="0">
  <testcase classname="com.app.test.AppiumSingleTest" name="searchWikipedia" time="5.706"/>
  <system-out/>
</testsuite> <!-- com.app.test.AppiumSingleTest -->
